{"C:\\Users\\rishi\\Downloads\\fifa-nexus\\src\\components\\fan\\ChatWidget.jsx": {"path":"C:\\Users\\rishi\\Downloads\\fifa-nexus\\src\\components\\fan\\ChatWidget.jsx","statementMap":{"0":{"start":{"line":13,"column":6},"end":{"line":124,"column":null}},"1":{"start":{"line":14,"column":21},"end":{"line":14,"column":null}},"2":{"start":{"line":15,"column":19},"end":{"line":17,"column":null}},"3":{"start":{"line":18,"column":16},"end":{"line":18,"column":null}},"4":{"start":{"line":19,"column":23},"end":{"line":19,"column":null}},"5":{"start":{"line":20,"column":19},"end":{"line":20,"column":null}},"6":{"start":{"line":21,"column":8},"end":{"line":21,"column":null}},"7":{"start":{"line":22,"column":8},"end":{"line":22,"column":null}},"8":{"start":{"line":24,"column":8},"end":{"line":26,"column":null}},"9":{"start":{"line":25,"column":4},"end":{"line":25,"column":null}},"10":{"start":{"line":28,"column":2},"end":{"line":30,"column":null}},"11":{"start":{"line":29,"column":4},"end":{"line":29,"column":null}},"12":{"start":{"line":32,"column":21},"end":{"line":55,"column":null}},"13":{"start":{"line":33,"column":4},"end":{"line":33,"column":null}},"14":{"start":{"line":34,"column":27},"end":{"line":34,"column":null}},"15":{"start":{"line":35,"column":4},"end":{"line":35,"column":null}},"16":{"start":{"line":35,"column":49},"end":{"line":35,"column":null}},"17":{"start":{"line":37,"column":21},"end":{"line":37,"column":null}},"18":{"start":{"line":38,"column":20},"end":{"line":38,"column":null}},"19":{"start":{"line":39,"column":4},"end":{"line":39,"column":null}},"20":{"start":{"line":39,"column":24},"end":{"line":39,"column":42}},"21":{"start":{"line":41,"column":24},"end":{"line":41,"column":null}},"22":{"start":{"line":42,"column":4},"end":{"line":42,"column":null}},"23":{"start":{"line":43,"column":4},"end":{"line":43,"column":null}},"24":{"start":{"line":44,"column":4},"end":{"line":44,"column":null}},"25":{"start":{"line":47,"column":25},"end":{"line":47,"column":null}},"26":{"start":{"line":49,"column":4},"end":{"line":53,"column":null}},"27":{"start":{"line":49,"column":24},"end":{"line":53,"column":6}},"28":{"start":{"line":54,"column":4},"end":{"line":54,"column":null}},"29":{"start":{"line":57,"column":2},"end":{"line":122,"column":null}},"30":{"start":{"line":71,"column":10},"end":{"line":78,"column":null}},"31":{"start":{"line":99,"column":27},"end":{"line":99,"column":null}},"32":{"start":{"line":103,"column":25},"end":{"line":103,"column":null}},"33":{"start":{"line":113,"column":27},"end":{"line":113,"column":null}},"34":{"start":{"line":126,"column":0},"end":{"line":126,"column":null}},"35":{"start":{"line":127,"column":0},"end":{"line":127,"column":null}}},"fnMap":{"0":{"name":"(anonymous_0)","decl":{"start":{"line":13,"column":19},"end":{"line":13,"column":30}},"loc":{"start":{"line":13,"column":30},"end":{"line":124,"column":1}},"line":13},"1":{"name":"(anonymous_1)","decl":{"start":{"line":24,"column":8},"end":{"line":24,"column":31}},"loc":{"start":{"line":24,"column":31},"end":{"line":26,"column":null}},"line":24},"2":{"name":"(anonymous_2)","decl":{"start":{"line":28,"column":2},"end":{"line":28,"column":18}},"loc":{"start":{"line":28,"column":18},"end":{"line":30,"column":5}},"line":28},"3":{"name":"(anonymous_3)","decl":{"start":{"line":32,"column":21},"end":{"line":32,"column":28}},"loc":{"start":{"line":32,"column":34},"end":{"line":55,"column":null}},"line":32},"4":{"name":"(anonymous_4)","decl":{"start":{"line":39,"column":4},"end":{"line":39,"column":16}},"loc":{"start":{"line":39,"column":24},"end":{"line":39,"column":42}},"line":39},"5":{"name":"(anonymous_5)","decl":{"start":{"line":49,"column":4},"end":{"line":49,"column":16}},"loc":{"start":{"line":49,"column":24},"end":{"line":53,"column":6}},"line":49},"6":{"name":"(anonymous_6)","decl":{"start":{"line":70,"column":18},"end":{"line":70,"column":22}},"loc":{"start":{"line":71,"column":10},"end":{"line":78,"column":null}},"line":71},"7":{"name":"(anonymous_7)","decl":{"start":{"line":99,"column":10},"end":{"line":99,"column":21}},"loc":{"start":{"line":99,"column":27},"end":{"line":99,"column":null}},"line":99},"8":{"name":"(anonymous_8)","decl":{"start":{"line":103,"column":10},"end":{"line":103,"column":25}},"loc":{"start":{"line":103,"column":25},"end":{"line":103,"column":null}},"line":103},"9":{"name":"(anonymous_9)","decl":{"start":{"line":113,"column":10},"end":{"line":113,"column":21}},"loc":{"start":{"line":113,"column":27},"end":{"line":113,"column":null}},"line":113}},"branchMap":{"0":{"loc":{"start":{"line":35,"column":4},"end":{"line":35,"column":null}},"type":"if","locations":[{"start":{"line":35,"column":4},"end":{"line":35,"column":null}},{"start":{},"end":{}}],"line":35},"1":{"loc":{"start":{"line":35,"column":8},"end":{"line":35,"column":49}},"type":"binary-expr","locations":[{"start":{"line":35,"column":8},"end":{"line":35,"column":34}},{"start":{"line":35,"column":34},"end":{"line":35,"column":49}}],"line":35},"2":{"loc":{"start":{"line":37,"column":21},"end":{"line":37,"column":null}},"type":"binary-expr","locations":[{"start":{"line":37,"column":21},"end":{"line":37,"column":39}},{"start":{"line":37,"column":39},"end":{"line":37,"column":null}}],"line":37},"3":{"loc":{"start":{"line":38,"column":72},"end":{"line":38,"column":129}},"type":"cond-expr","locations":[{"start":{"line":38,"column":87},"end":{"line":38,"column":125}},{"start":{"line":38,"column":125},"end":{"line":38,"column":129}}],"line":38},"4":{"loc":{"start":{"line":73,"column":15},"end":{"line":73,"column":null}},"type":"cond-expr","locations":[{"start":{"line":73,"column":37},"end":{"line":73,"column":58}},{"start":{"line":73,"column":57},"end":{"line":73,"column":null}}],"line":73},"5":{"loc":{"start":{"line":80,"column":9},"end":{"line":88,"column":null}},"type":"binary-expr","locations":[{"start":{"line":80,"column":9},"end":{"line":80,"column":null}},{"start":{"line":81,"column":10},"end":{"line":88,"column":null}}],"line":80},"6":{"loc":{"start":{"line":104,"column":62},"end":{"line":104,"column":125}},"type":"cond-expr","locations":[{"start":{"line":104,"column":77},"end":{"line":104,"column":100}},{"start":{"line":104,"column":100},"end":{"line":104,"column":125}}],"line":104},"7":{"loc":{"start":{"line":118,"column":40},"end":{"line":118,"column":72}},"type":"binary-expr","locations":[{"start":{"line":118,"column":40},"end":{"line":118,"column":57}},{"start":{"line":118,"column":57},"end":{"line":118,"column":72}}],"line":118}},"s":{"0":1,"1":1,"2":1,"3":1,"4":1,"5":1,"6":1,"7":1,"8":1,"9":1,"10":1,"11":1,"12":1,"13":0,"14":0,"15":0,"16":0,"17":0,"18":0,"19":0,"20":0,"21":0,"22":0,"23":0,"24":0,"25":0,"26":0,"27":0,"28":0,"29":1,"30":1,"31":0,"32":0,"33":0,"34":1,"35":1},"f":{"0":1,"1":1,"2":1,"3":0,"4":0,"5":0,"6":1,"7":0,"8":0,"9":0},"b":{"0":[0,0],"1":[0,0],"2":[0,0],"3":[0,0],"4":[1,0],"5":[1,0],"6":[0,1],"7":[1,1]},"meta":{"lastBranch":8,"lastFunction":10,"lastStatement":36,"seen":{"s:13:6:124:Infinity":0,"f:13:19:13:30":0,"s:14:21:14:Infinity":1,"s:15:19:17:Infinity":2,"s:18:16:18:Infinity":3,"s:19:23:19:Infinity":4,"s:20:19:20:Infinity":5,"s:21:8:21:Infinity":6,"s:22:8:22:Infinity":7,"s:24:8:26:Infinity":8,"f:24:8:24:31":1,"s:25:4:25:Infinity":9,"s:28:2:30:Infinity":10,"f:28:2:28:18":2,"s:29:4:29:Infinity":11,"s:32:21:55:Infinity":12,"f:32:21:32:28":3,"s:33:4:33:Infinity":13,"s:34:27:34:Infinity":14,"b:35:4:35:Infinity:undefined:undefined:undefined:undefined":0,"s:35:4:35:Infinity":15,"b:35:8:35:34:35:34:35:49":1,"s:35:49:35:Infinity":16,"s:37:21:37:Infinity":17,"b:37:21:37:39:37:39:37:Infinity":2,"s:38:20:38:Infinity":18,"b:38:87:38:125:38:125:38:129":3,"s:39:4:39:Infinity":19,"f:39:4:39:16":4,"s:39:24:39:42":20,"s:41:24:41:Infinity":21,"s:42:4:42:Infinity":22,"s:43:4:43:Infinity":23,"s:44:4:44:Infinity":24,"s:47:25:47:Infinity":25,"s:49:4:53:Infinity":26,"f:49:4:49:16":5,"s:49:24:53:6":27,"s:54:4:54:Infinity":28,"s:57:2:122:Infinity":29,"f:70:18:70:22":6,"s:71:10:78:Infinity":30,"b:73:37:73:58:73:57:73:Infinity":4,"b:80:9:80:Infinity:81:10:88:Infinity":5,"f:99:10:99:21":7,"s:99:27:99:Infinity":31,"f:103:10:103:25":8,"s:103:25:103:Infinity":32,"b:104:77:104:100:104:100:104:125":6,"f:113:10:113:21":9,"s:113:27:113:Infinity":33,"b:118:40:118:57:118:57:118:72":7,"s:126:0:126:Infinity":34,"s:127:0:127:Infinity":35},"fnNames":{}}}
,"C:\\Users\\rishi\\Downloads\\fifa-nexus\\src\\components\\fan\\FanCards.jsx": {"path":"C:\\Users\\rishi\\Downloads\\fifa-nexus\\src\\components\\fan\\FanCards.jsx","statementMap":{"0":{"start":{"line":10,"column":6},"end":{"line":38,"column":null}},"1":{"start":{"line":11,"column":2},"end":{"line":36,"column":null}},"2":{"start":{"line":40,"column":0},"end":{"line":40,"column":null}},"3":{"start":{"line":41,"column":0},"end":{"line":41,"column":null}}},"fnMap":{"0":{"name":"(anonymous_0)","decl":{"start":{"line":10,"column":17},"end":{"line":10,"column":28}},"loc":{"start":{"line":10,"column":28},"end":{"line":38,"column":1}},"line":10}},"branchMap":{},"s":{"0":0,"1":0,"2":0,"3":0},"f":{"0":0},"b":{},"meta":{"lastBranch":0,"lastFunction":1,"lastStatement":4,"seen":{"s:10:6:38:Infinity":0,"f:10:17:10:28":0,"s:11:2:36:Infinity":1,"s:40:0:40:Infinity":2,"s:41:0:41:Infinity":3},"fnNames":{}}}
,"C:\\Users\\rishi\\Downloads\\fifa-nexus\\src\\components\\shared\\TopNav.jsx": {"path":"C:\\Users\\rishi\\Downloads\\fifa-nexus\\src\\components\\shared\\TopNav.jsx","statementMap":{"0":{"start":{"line":14,"column":6},"end":{"line":52,"column":null}},"1":{"start":{"line":15,"column":10},"end":{"line":15,"column":null}},"2":{"start":{"line":17,"column":2},"end":{"line":50,"column":null}},"3":{"start":{"line":26,"column":25},"end":{"line":26,"column":null}},"4":{"start":{"line":35,"column":25},"end":{"line":35,"column":null}},"5":{"start":{"line":54,"column":0},"end":{"line":54,"column":null}},"6":{"start":{"line":55,"column":0},"end":{"line":58,"column":null}}},"fnMap":{"0":{"name":"(anonymous_0)","decl":{"start":{"line":14,"column":15},"end":{"line":14,"column":21}},"loc":{"start":{"line":14,"column":53},"end":{"line":52,"column":1}},"line":14},"1":{"name":"(anonymous_1)","decl":{"start":{"line":26,"column":10},"end":{"line":26,"column":25}},"loc":{"start":{"line":26,"column":25},"end":{"line":26,"column":null}},"line":26},"2":{"name":"(anonymous_2)","decl":{"start":{"line":35,"column":10},"end":{"line":35,"column":25}},"loc":{"start":{"line":35,"column":25},"end":{"line":35,"column":null}},"line":35}},"branchMap":{"0":{"loc":{"start":{"line":25,"column":32},"end":{"line":25,"column":null}},"type":"cond-expr","locations":[{"start":{"line":25,"column":56},"end":{"line":25,"column":67}},{"start":{"line":25,"column":67},"end":{"line":25,"column":null}}],"line":25},"1":{"loc":{"start":{"line":34,"column":32},"end":{"line":34,"column":null}},"type":"cond-expr","locations":[{"start":{"line":34,"column":54},"end":{"line":34,"column":65}},{"start":{"line":34,"column":65},"end":{"line":34,"column":null}}],"line":34}},"s":{"0":1,"1":2,"2":2,"3":0,"4":1,"5":1,"6":1},"f":{"0":2,"1":0,"2":1},"b":{"0":[2,0],"1":[0,2]},"meta":{"lastBranch":2,"lastFunction":3,"lastStatement":7,"seen":{"s:14:6:52:Infinity":0,"f:14:15:14:21":0,"s:15:10:15:Infinity":1,"s:17:2:50:Infinity":2,"b:25:56:25:67:25:67:25:Infinity":0,"f:26:10:26:25":1,"s:26:25:26:Infinity":3,"b:34:54:34:65:34:65:34:Infinity":1,"f:35:10:35:25":2,"s:35:25:35:Infinity":4,"s:54:0:54:Infinity":5,"s:55:0:58:Infinity":6},"fnNames":{}}}
,"C:\\Users\\rishi\\Downloads\\fifa-nexus\\src\\components\\staff\\AlertFeed.jsx": {"path":"C:\\Users\\rishi\\Downloads\\fifa-nexus\\src\\components\\staff\\AlertFeed.jsx","statementMap":{"0":{"start":{"line":11,"column":6},"end":{"line":44,"column":null}},"1":{"start":{"line":12,"column":10},"end":{"line":12,"column":null}},"2":{"start":{"line":14,"column":8},"end":{"line":20,"column":null}},"3":{"start":{"line":15,"column":4},"end":{"line":19,"column":null}},"4":{"start":{"line":16,"column":22},"end":{"line":16,"column":null}},"5":{"start":{"line":17,"column":22},"end":{"line":17,"column":null}},"6":{"start":{"line":18,"column":15},"end":{"line":18,"column":null}},"7":{"start":{"line":22,"column":2},"end":{"line":42,"column":null}},"8":{"start":{"line":27,"column":10},"end":{"line":39,"column":null}},"9":{"start":{"line":46,"column":0},"end":{"line":46,"column":null}},"10":{"start":{"line":47,"column":0},"end":{"line":47,"column":null}}},"fnMap":{"0":{"name":"(anonymous_0)","decl":{"start":{"line":11,"column":18},"end":{"line":11,"column":29}},"loc":{"start":{"line":11,"column":29},"end":{"line":44,"column":1}},"line":11},"1":{"name":"(anonymous_1)","decl":{"start":{"line":14,"column":8},"end":{"line":14,"column":19}},"loc":{"start":{"line":14,"column":28},"end":{"line":20,"column":null}},"line":14},"2":{"name":"(anonymous_2)","decl":{"start":{"line":26,"column":16},"end":{"line":26,"column":21}},"loc":{"start":{"line":27,"column":10},"end":{"line":39,"column":null}},"line":27}},"branchMap":{"0":{"loc":{"start":{"line":15,"column":4},"end":{"line":19,"column":null}},"type":"switch","locations":[{"start":{"line":16,"column":6},"end":{"line":16,"column":null}},{"start":{"line":17,"column":6},"end":{"line":17,"column":null}},{"start":{"line":18,"column":6},"end":{"line":18,"column":null}}],"line":15},"1":{"loc":{"start":{"line":31,"column":15},"end":{"line":35,"column":null}},"type":"binary-expr","locations":[{"start":{"line":31,"column":15},"end":{"line":31,"column":null}},{"start":{"line":32,"column":16},"end":{"line":35,"column":null}}],"line":31}},"s":{"0":1,"1":1,"2":1,"3":1,"4":1,"5":0,"6":0,"7":1,"8":1,"9":1,"10":1},"f":{"0":1,"1":1,"2":1},"b":{"0":[1,0,0],"1":[1,1]},"meta":{"lastBranch":2,"lastFunction":3,"lastStatement":11,"seen":{"s:11:6:44:Infinity":0,"f:11:18:11:29":0,"s:12:10:12:Infinity":1,"s:14:8:20:Infinity":2,"f:14:8:14:19":1,"b:16:6:16:Infinity:17:6:17:Infinity:18:6:18:Infinity":0,"s:15:4:19:Infinity":3,"s:16:22:16:Infinity":4,"s:17:22:17:Infinity":5,"s:18:15:18:Infinity":6,"s:22:2:42:Infinity":7,"f:26:16:26:21":2,"s:27:10:39:Infinity":8,"b:31:15:31:Infinity:32:16:35:Infinity":1,"s:46:0:46:Infinity":9,"s:47:0:47:Infinity":10},"fnNames":{}}}
,"C:\\Users\\rishi\\Downloads\\fifa-nexus\\src\\components\\staff\\CrowdFlowChart.jsx": {"path":"C:\\Users\\rishi\\Downloads\\fifa-nexus\\src\\components\\staff\\CrowdFlowChart.jsx","statementMap":{"0":{"start":{"line":5,"column":13},"end":{"line":14,"column":null}},"1":{"start":{"line":24,"column":6},"end":{"line":38,"column":null}},"2":{"start":{"line":25,"column":2},"end":{"line":36,"column":null}},"3":{"start":{"line":26,"column":4},"end":{"line":34,"column":null}},"4":{"start":{"line":30,"column":10},"end":{"line":32,"column":null}},"5":{"start":{"line":37,"column":2},"end":{"line":37,"column":null}},"6":{"start":{"line":40,"column":0},"end":{"line":44,"column":null}},"7":{"start":{"line":50,"column":6},"end":{"line":78,"column":null}},"8":{"start":{"line":51,"column":2},"end":{"line":76,"column":null}},"9":{"start":{"line":80,"column":0},"end":{"line":80,"column":null}}},"fnMap":{"0":{"name":"(anonymous_0)","decl":{"start":{"line":24,"column":6},"end":{"line":24,"column":23}},"loc":{"start":{"line":24,"column":54},"end":{"line":38,"column":null}},"line":24},"1":{"name":"(anonymous_1)","decl":{"start":{"line":29,"column":17},"end":{"line":29,"column":22}},"loc":{"start":{"line":30,"column":10},"end":{"line":32,"column":null}},"line":30},"2":{"name":"(anonymous_2)","decl":{"start":{"line":50,"column":23},"end":{"line":50,"column":34}},"loc":{"start":{"line":50,"column":34},"end":{"line":78,"column":1}},"line":50}},"branchMap":{"0":{"loc":{"start":{"line":25,"column":2},"end":{"line":36,"column":null}},"type":"if","locations":[{"start":{"line":25,"column":2},"end":{"line":36,"column":null}},{"start":{},"end":{}}],"line":25},"1":{"loc":{"start":{"line":25,"column":6},"end":{"line":25,"column":43}},"type":"binary-expr","locations":[{"start":{"line":25,"column":6},"end":{"line":25,"column":16}},{"start":{"line":25,"column":16},"end":{"line":25,"column":27}},{"start":{"line":25,"column":27},"end":{"line":25,"column":43}}],"line":25}},"s":{"0":0,"1":0,"2":0,"3":0,"4":0,"5":0,"6":0,"7":0,"8":0,"9":0},"f":{"0":0,"1":0,"2":0},"b":{"0":[0,0],"1":[0,0,0]},"meta":{"lastBranch":2,"lastFunction":3,"lastStatement":10,"seen":{"s:5:13:14:Infinity":0,"s:24:6:38:Infinity":1,"f:24:6:24:23":0,"b:25:2:36:Infinity:undefined:undefined:undefined:undefined":0,"s:25:2:36:Infinity":2,"b:25:6:25:16:25:16:25:27:25:27:25:43":1,"s:26:4:34:Infinity":3,"f:29:17:29:22":1,"s:30:10:32:Infinity":4,"s:37:2:37:Infinity":5,"s:40:0:44:Infinity":6,"s:50:6:78:Infinity":7,"f:50:23:50:34":2,"s:51:2:76:Infinity":8,"s:80:0:80:Infinity":9},"fnNames":{}}}
,"C:\\Users\\rishi\\Downloads\\fifa-nexus\\src\\components\\staff\\HeatmapGrid.jsx": {"path":"C:\\Users\\rishi\\Downloads\\fifa-nexus\\src\\components\\staff\\HeatmapGrid.jsx","statementMap":{"0":{"start":{"line":10,"column":6},"end":{"line":65,"column":null}},"1":{"start":{"line":11,"column":27},"end":{"line":11,"column":null}},"2":{"start":{"line":17,"column":8},"end":{"line":20,"column":null}},"3":{"start":{"line":18,"column":4},"end":{"line":18,"column":null}},"4":{"start":{"line":18,"column":21},"end":{"line":18,"column":104}},"5":{"start":{"line":18,"column":35},"end":{"line":18,"column":103}},"6":{"start":{"line":19,"column":4},"end":{"line":19,"column":null}},"7":{"start":{"line":27,"column":8},"end":{"line":31,"column":null}},"8":{"start":{"line":28,"column":4},"end":{"line":28,"column":null}},"9":{"start":{"line":28,"column":22},"end":{"line":28,"column":null}},"10":{"start":{"line":29,"column":4},"end":{"line":29,"column":null}},"11":{"start":{"line":29,"column":22},"end":{"line":29,"column":null}},"12":{"start":{"line":30,"column":4},"end":{"line":30,"column":null}},"13":{"start":{"line":33,"column":2},"end":{"line":63,"column":null}},"14":{"start":{"line":43,"column":10},"end":{"line":60,"column":null}},"15":{"start":{"line":56,"column":60},"end":{"line":56,"column":null}},"16":{"start":{"line":67,"column":0},"end":{"line":67,"column":null}}},"fnMap":{"0":{"name":"(anonymous_0)","decl":{"start":{"line":10,"column":20},"end":{"line":10,"column":31}},"loc":{"start":{"line":10,"column":31},"end":{"line":65,"column":1}},"line":10},"1":{"name":"(anonymous_1)","decl":{"start":{"line":17,"column":8},"end":{"line":17,"column":29}},"loc":{"start":{"line":17,"column":40},"end":{"line":20,"column":null}},"line":17},"2":{"name":"(anonymous_2)","decl":{"start":{"line":18,"column":4},"end":{"line":18,"column":13}},"loc":{"start":{"line":18,"column":21},"end":{"line":18,"column":104}},"line":18},"3":{"name":"(anonymous_3)","decl":{"start":{"line":18,"column":26},"end":{"line":18,"column":30}},"loc":{"start":{"line":18,"column":35},"end":{"line":18,"column":103}},"line":18},"4":{"name":"(anonymous_4)","decl":{"start":{"line":27,"column":8},"end":{"line":27,"column":20}},"loc":{"start":{"line":27,"column":32},"end":{"line":31,"column":null}},"line":27},"5":{"name":"(anonymous_5)","decl":{"start":{"line":42,"column":15},"end":{"line":42,"column":20}},"loc":{"start":{"line":43,"column":10},"end":{"line":60,"column":null}},"line":43},"6":{"name":"(anonymous_6)","decl":{"start":{"line":56,"column":45},"end":{"line":56,"column":60}},"loc":{"start":{"line":56,"column":60},"end":{"line":56,"column":null}},"line":56}},"branchMap":{"0":{"loc":{"start":{"line":18,"column":35},"end":{"line":18,"column":103}},"type":"cond-expr","locations":[{"start":{"line":18,"column":53},"end":{"line":18,"column":102}},{"start":{"line":18,"column":102},"end":{"line":18,"column":103}}],"line":18},"1":{"loc":{"start":{"line":28,"column":4},"end":{"line":28,"column":null}},"type":"if","locations":[{"start":{"line":28,"column":4},"end":{"line":28,"column":null}},{"start":{},"end":{}}],"line":28},"2":{"loc":{"start":{"line":29,"column":4},"end":{"line":29,"column":null}},"type":"if","locations":[{"start":{"line":29,"column":4},"end":{"line":29,"column":null}},{"start":{},"end":{}}],"line":29},"3":{"loc":{"start":{"line":45,"column":39},"end":{"line":45,"column":null}},"type":"cond-expr","locations":[{"start":{"line":45,"column":59},"end":{"line":45,"column":69}},{"start":{"line":45,"column":69},"end":{"line":45,"column":null}}],"line":45},"4":{"loc":{"start":{"line":55,"column":13},"end":{"line":58,"column":null}},"type":"binary-expr","locations":[{"start":{"line":55,"column":13},"end":{"line":55,"column":null}},{"start":{"line":56,"column":14},"end":{"line":58,"column":null}}],"line":55}},"s":{"0":0,"1":0,"2":0,"3":0,"4":0,"5":0,"6":0,"7":0,"8":0,"9":0,"10":0,"11":0,"12":0,"13":0,"14":0,"15":0,"16":0},"f":{"0":0,"1":0,"2":0,"3":0,"4":0,"5":0,"6":0},"b":{"0":[0,0],"1":[0,0],"2":[0,0],"3":[0,0],"4":[0,0]},"meta":{"lastBranch":5,"lastFunction":7,"lastStatement":17,"seen":{"s:10:6:65:Infinity":0,"f:10:20:10:31":0,"s:11:27:11:Infinity":1,"s:17:8:20:Infinity":2,"f:17:8:17:29":1,"s:18:4:18:Infinity":3,"f:18:4:18:13":2,"s:18:21:18:104":4,"f:18:26:18:30":3,"s:18:35:18:103":5,"b:18:53:18:102:18:102:18:103":0,"s:19:4:19:Infinity":6,"s:27:8:31:Infinity":7,"f:27:8:27:20":4,"b:28:4:28:Infinity:undefined:undefined:undefined:undefined":1,"s:28:4:28:Infinity":8,"s:28:22:28:Infinity":9,"b:29:4:29:Infinity:undefined:undefined:undefined:undefined":2,"s:29:4:29:Infinity":10,"s:29:22:29:Infinity":11,"s:30:4:30:Infinity":12,"s:33:2:63:Infinity":13,"f:42:15:42:20":5,"s:43:10:60:Infinity":14,"b:45:59:45:69:45:69:45:Infinity":3,"b:55:13:55:Infinity:56:14:58:Infinity":4,"f:56:45:56:60":6,"s:56:60:56:Infinity":15,"s:67:0:67:Infinity":16},"fnNames":{}}}
,"C:\\Users\\rishi\\Downloads\\fifa-nexus\\src\\components\\staff\\KpiCards.jsx": {"path":"C:\\Users\\rishi\\Downloads\\fifa-nexus\\src\\components\\staff\\KpiCards.jsx","statementMap":{"0":{"start":{"line":11,"column":6},"end":{"line":35,"column":null}},"1":{"start":{"line":12,"column":20},"end":{"line":12,"column":null}},"2":{"start":{"line":14,"column":16},"end":{"line":19,"column":null}},"3":{"start":{"line":21,"column":2},"end":{"line":33,"column":null}},"4":{"start":{"line":24,"column":8},"end":{"line":31,"column":null}},"5":{"start":{"line":37,"column":0},"end":{"line":37,"column":null}},"6":{"start":{"line":38,"column":0},"end":{"line":38,"column":null}}},"fnMap":{"0":{"name":"(anonymous_0)","decl":{"start":{"line":11,"column":17},"end":{"line":11,"column":28}},"loc":{"start":{"line":11,"column":28},"end":{"line":35,"column":1}},"line":11},"1":{"name":"(anonymous_1)","decl":{"start":{"line":23,"column":13},"end":{"line":23,"column":18}},"loc":{"start":{"line":24,"column":8},"end":{"line":31,"column":null}},"line":24}},"branchMap":{},"s":{"0":1,"1":1,"2":1,"3":1,"4":4,"5":1,"6":1},"f":{"0":1,"1":4},"b":{},"meta":{"lastBranch":0,"lastFunction":2,"lastStatement":7,"seen":{"s:11:6:35:Infinity":0,"f:11:17:11:28":0,"s:12:20:12:Infinity":1,"s:14:16:19:Infinity":2,"s:21:2:33:Infinity":3,"f:23:13:23:18":1,"s:24:8:31:Infinity":4,"s:37:0:37:Infinity":5,"s:38:0:38:Infinity":6},"fnNames":{}}}
}
