{"C:\\Users\\rishi\\Downloads\\fifa-nexus\\src\\components\\fan\\ChatWidget.jsx": {"path":"C:\\Users\\rishi\\Downloads\\fifa-nexus\\src\\components\\fan\\ChatWidget.jsx","statementMap":{"0":{"start":{"line":8,"column":6},"end":{"line":119,"column":null}},"1":{"start":{"line":9,"column":21},"end":{"line":9,"column":null}},"2":{"start":{"line":10,"column":19},"end":{"line":12,"column":null}},"3":{"start":{"line":13,"column":16},"end":{"line":13,"column":null}},"4":{"start":{"line":14,"column":23},"end":{"line":14,"column":null}},"5":{"start":{"line":15,"column":19},"end":{"line":15,"column":null}},"6":{"start":{"line":16,"column":8},"end":{"line":16,"column":null}},"7":{"start":{"line":17,"column":8},"end":{"line":17,"column":null}},"8":{"start":{"line":19,"column":8},"end":{"line":21,"column":null}},"9":{"start":{"line":20,"column":4},"end":{"line":20,"column":null}},"10":{"start":{"line":23,"column":2},"end":{"line":25,"column":null}},"11":{"start":{"line":24,"column":4},"end":{"line":24,"column":null}},"12":{"start":{"line":27,"column":21},"end":{"line":50,"column":null}},"13":{"start":{"line":28,"column":4},"end":{"line":28,"column":null}},"14":{"start":{"line":29,"column":27},"end":{"line":29,"column":null}},"15":{"start":{"line":30,"column":4},"end":{"line":30,"column":null}},"16":{"start":{"line":30,"column":49},"end":{"line":30,"column":null}},"17":{"start":{"line":32,"column":21},"end":{"line":32,"column":null}},"18":{"start":{"line":33,"column":20},"end":{"line":33,"column":null}},"19":{"start":{"line":34,"column":4},"end":{"line":34,"column":null}},"20":{"start":{"line":34,"column":24},"end":{"line":34,"column":42}},"21":{"start":{"line":36,"column":24},"end":{"line":36,"column":null}},"22":{"start":{"line":37,"column":4},"end":{"line":37,"column":null}},"23":{"start":{"line":38,"column":4},"end":{"line":38,"column":null}},"24":{"start":{"line":39,"column":4},"end":{"line":39,"column":null}},"25":{"start":{"line":42,"column":25},"end":{"line":42,"column":null}},"26":{"start":{"line":44,"column":4},"end":{"line":48,"column":null}},"27":{"start":{"line":44,"column":24},"end":{"line":48,"column":6}},"28":{"start":{"line":49,"column":4},"end":{"line":49,"column":null}},"29":{"start":{"line":52,"column":2},"end":{"line":117,"column":null}},"30":{"start":{"line":66,"column":10},"end":{"line":73,"column":null}},"31":{"start":{"line":94,"column":27},"end":{"line":94,"column":null}},"32":{"start":{"line":98,"column":25},"end":{"line":98,"column":null}},"33":{"start":{"line":108,"column":27},"end":{"line":108,"column":null}}},"fnMap":{"0":{"name":"(anonymous_0)","decl":{"start":{"line":8,"column":6},"end":{"line":8,"column":25}},"loc":{"start":{"line":8,"column":25},"end":{"line":119,"column":null}},"line":8},"1":{"name":"(anonymous_1)","decl":{"start":{"line":19,"column":8},"end":{"line":19,"column":31}},"loc":{"start":{"line":19,"column":31},"end":{"line":21,"column":null}},"line":19},"2":{"name":"(anonymous_2)","decl":{"start":{"line":23,"column":2},"end":{"line":23,"column":18}},"loc":{"start":{"line":23,"column":18},"end":{"line":25,"column":5}},"line":23},"3":{"name":"(anonymous_3)","decl":{"start":{"line":27,"column":21},"end":{"line":27,"column":28}},"loc":{"start":{"line":27,"column":34},"end":{"line":50,"column":null}},"line":27},"4":{"name":"(anonymous_4)","decl":{"start":{"line":34,"column":4},"end":{"line":34,"column":16}},"loc":{"start":{"line":34,"column":24},"end":{"line":34,"column":42}},"line":34},"5":{"name":"(anonymous_5)","decl":{"start":{"line":44,"column":4},"end":{"line":44,"column":16}},"loc":{"start":{"line":44,"column":24},"end":{"line":48,"column":6}},"line":44},"6":{"name":"(anonymous_6)","decl":{"start":{"line":65,"column":18},"end":{"line":65,"column":22}},"loc":{"start":{"line":66,"column":10},"end":{"line":73,"column":null}},"line":66},"7":{"name":"(anonymous_7)","decl":{"start":{"line":94,"column":10},"end":{"line":94,"column":21}},"loc":{"start":{"line":94,"column":27},"end":{"line":94,"column":null}},"line":94},"8":{"name":"(anonymous_8)","decl":{"start":{"line":98,"column":10},"end":{"line":98,"column":25}},"loc":{"start":{"line":98,"column":25},"end":{"line":98,"column":null}},"line":98},"9":{"name":"(anonymous_9)","decl":{"start":{"line":108,"column":10},"end":{"line":108,"column":21}},"loc":{"start":{"line":108,"column":27},"end":{"line":108,"column":null}},"line":108}},"branchMap":{"0":{"loc":{"start":{"line":30,"column":4},"end":{"line":30,"column":null}},"type":"if","locations":[{"start":{"line":30,"column":4},"end":{"line":30,"column":null}},{"start":{},"end":{}}],"line":30},"1":{"loc":{"start":{"line":30,"column":8},"end":{"line":30,"column":49}},"type":"binary-expr","locations":[{"start":{"line":30,"column":8},"end":{"line":30,"column":34}},{"start":{"line":30,"column":34},"end":{"line":30,"column":49}}],"line":30},"2":{"loc":{"start":{"line":32,"column":21},"end":{"line":32,"column":null}},"type":"binary-expr","locations":[{"start":{"line":32,"column":21},"end":{"line":32,"column":39}},{"start":{"line":32,"column":39},"end":{"line":32,"column":null}}],"line":32},"3":{"loc":{"start":{"line":33,"column":72},"end":{"line":33,"column":129}},"type":"cond-expr","locations":[{"start":{"line":33,"column":87},"end":{"line":33,"column":125}},{"start":{"line":33,"column":125},"end":{"line":33,"column":129}}],"line":33},"4":{"loc":{"start":{"line":68,"column":15},"end":{"line":68,"column":null}},"type":"cond-expr","locations":[{"start":{"line":68,"column":37},"end":{"line":68,"column":58}},{"start":{"line":68,"column":57},"end":{"line":68,"column":null}}],"line":68},"5":{"loc":{"start":{"line":75,"column":9},"end":{"line":83,"column":null}},"type":"binary-expr","locations":[{"start":{"line":75,"column":9},"end":{"line":75,"column":null}},{"start":{"line":76,"column":10},"end":{"line":83,"column":null}}],"line":75},"6":{"loc":{"start":{"line":99,"column":62},"end":{"line":99,"column":125}},"type":"cond-expr","locations":[{"start":{"line":99,"column":77},"end":{"line":99,"column":100}},{"start":{"line":99,"column":100},"end":{"line":99,"column":125}}],"line":99},"7":{"loc":{"start":{"line":113,"column":40},"end":{"line":113,"column":72}},"type":"binary-expr","locations":[{"start":{"line":113,"column":40},"end":{"line":113,"column":57}},{"start":{"line":113,"column":57},"end":{"line":113,"column":72}}],"line":113}},"s":{"0":1,"1":1,"2":1,"3":1,"4":1,"5":1,"6":1,"7":1,"8":1,"9":1,"10":1,"11":1,"12":1,"13":0,"14":0,"15":0,"16":0,"17":0,"18":0,"19":0,"20":0,"21":0,"22":0,"23":0,"24":0,"25":0,"26":0,"27":0,"28":0,"29":1,"30":1,"31":0,"32":0,"33":0},"f":{"0":1,"1":1,"2":1,"3":0,"4":0,"5":0,"6":1,"7":0,"8":0,"9":0},"b":{"0":[0,0],"1":[0,0],"2":[0,0],"3":[0,0],"4":[1,0],"5":[1,0],"6":[0,1],"7":[1,1]},"meta":{"lastBranch":8,"lastFunction":10,"lastStatement":34,"seen":{"s:8:6:119:Infinity":0,"f:8:6:8:25":0,"s:9:21:9:Infinity":1,"s:10:19:12:Infinity":2,"s:13:16:13:Infinity":3,"s:14:23:14:Infinity":4,"s:15:19:15:Infinity":5,"s:16:8:16:Infinity":6,"s:17:8:17:Infinity":7,"s:19:8:21:Infinity":8,"f:19:8:19:31":1,"s:20:4:20:Infinity":9,"s:23:2:25:Infinity":10,"f:23:2:23:18":2,"s:24:4:24:Infinity":11,"s:27:21:50:Infinity":12,"f:27:21:27:28":3,"s:28:4:28:Infinity":13,"s:29:27:29:Infinity":14,"b:30:4:30:Infinity:undefined:undefined:undefined:undefined":0,"s:30:4:30:Infinity":15,"b:30:8:30:34:30:34:30:49":1,"s:30:49:30:Infinity":16,"s:32:21:32:Infinity":17,"b:32:21:32:39:32:39:32:Infinity":2,"s:33:20:33:Infinity":18,"b:33:87:33:125:33:125:33:129":3,"s:34:4:34:Infinity":19,"f:34:4:34:16":4,"s:34:24:34:42":20,"s:36:24:36:Infinity":21,"s:37:4:37:Infinity":22,"s:38:4:38:Infinity":23,"s:39:4:39:Infinity":24,"s:42:25:42:Infinity":25,"s:44:4:48:Infinity":26,"f:44:4:44:16":5,"s:44:24:48:6":27,"s:49:4:49:Infinity":28,"s:52:2:117:Infinity":29,"f:65:18:65:22":6,"s:66:10:73:Infinity":30,"b:68:37:68:58:68:57:68:Infinity":4,"b:75:9:75:Infinity:76:10:83:Infinity":5,"f:94:10:94:21":7,"s:94:27:94:Infinity":31,"f:98:10:98:25":8,"s:98:25:98:Infinity":32,"b:99:77:99:100:99:100:99:125":6,"f:108:10:108:21":9,"s:108:27:108:Infinity":33,"b:113:40:113:57:113:57:113:72":7},"fnNames":{}}}
,"C:\\Users\\rishi\\Downloads\\fifa-nexus\\src\\components\\fan\\FanCards.jsx": {"path":"C:\\Users\\rishi\\Downloads\\fifa-nexus\\src\\components\\fan\\FanCards.jsx","statementMap":{"0":{"start":{"line":5,"column":6},"end":{"line":33,"column":null}},"1":{"start":{"line":6,"column":2},"end":{"line":31,"column":null}}},"fnMap":{"0":{"name":"(anonymous_0)","decl":{"start":{"line":5,"column":6},"end":{"line":5,"column":23}},"loc":{"start":{"line":5,"column":23},"end":{"line":33,"column":null}},"line":5}},"branchMap":{},"s":{"0":0,"1":0},"f":{"0":0},"b":{},"meta":{"lastBranch":0,"lastFunction":1,"lastStatement":2,"seen":{"s:5:6:33:Infinity":0,"f:5:6:5:23":0,"s:6:2:31:Infinity":1},"fnNames":{}}}
,"C:\\Users\\rishi\\Downloads\\fifa-nexus\\src\\components\\shared\\TopNav.jsx": {"path":"C:\\Users\\rishi\\Downloads\\fifa-nexus\\src\\components\\shared\\TopNav.jsx","statementMap":{"0":{"start":{"line":6,"column":6},"end":{"line":44,"column":null}},"1":{"start":{"line":7,"column":10},"end":{"line":7,"column":null}},"2":{"start":{"line":9,"column":2},"end":{"line":42,"column":null}},"3":{"start":{"line":18,"column":25},"end":{"line":18,"column":null}},"4":{"start":{"line":27,"column":25},"end":{"line":27,"column":null}}},"fnMap":{"0":{"name":"(anonymous_0)","decl":{"start":{"line":6,"column":6},"end":{"line":6,"column":16}},"loc":{"start":{"line":6,"column":48},"end":{"line":44,"column":null}},"line":6},"1":{"name":"(anonymous_1)","decl":{"start":{"line":18,"column":10},"end":{"line":18,"column":25}},"loc":{"start":{"line":18,"column":25},"end":{"line":18,"column":null}},"line":18},"2":{"name":"(anonymous_2)","decl":{"start":{"line":27,"column":10},"end":{"line":27,"column":25}},"loc":{"start":{"line":27,"column":25},"end":{"line":27,"column":null}},"line":27}},"branchMap":{"0":{"loc":{"start":{"line":17,"column":32},"end":{"line":17,"column":null}},"type":"cond-expr","locations":[{"start":{"line":17,"column":56},"end":{"line":17,"column":67}},{"start":{"line":17,"column":67},"end":{"line":17,"column":null}}],"line":17},"1":{"loc":{"start":{"line":26,"column":32},"end":{"line":26,"column":null}},"type":"cond-expr","locations":[{"start":{"line":26,"column":54},"end":{"line":26,"column":65}},{"start":{"line":26,"column":65},"end":{"line":26,"column":null}}],"line":26}},"s":{"0":1,"1":2,"2":2,"3":0,"4":1},"f":{"0":2,"1":0,"2":1},"b":{"0":[2,0],"1":[0,2]},"meta":{"lastBranch":2,"lastFunction":3,"lastStatement":5,"seen":{"s:6:6:44:Infinity":0,"f:6:6:6:16":0,"s:7:10:7:Infinity":1,"s:9:2:42:Infinity":2,"b:17:56:17:67:17:67:17:Infinity":0,"f:18:10:18:25":1,"s:18:25:18:Infinity":3,"b:26:54:26:65:26:65:26:Infinity":1,"f:27:10:27:25":2,"s:27:25:27:Infinity":4},"fnNames":{}}}
,"C:\\Users\\rishi\\Downloads\\fifa-nexus\\src\\components\\staff\\AlertFeed.jsx": {"path":"C:\\Users\\rishi\\Downloads\\fifa-nexus\\src\\components\\staff\\AlertFeed.jsx","statementMap":{"0":{"start":{"line":6,"column":6},"end":{"line":39,"column":null}},"1":{"start":{"line":7,"column":10},"end":{"line":7,"column":null}},"2":{"start":{"line":9,"column":8},"end":{"line":15,"column":null}},"3":{"start":{"line":10,"column":4},"end":{"line":14,"column":null}},"4":{"start":{"line":11,"column":22},"end":{"line":11,"column":null}},"5":{"start":{"line":12,"column":22},"end":{"line":12,"column":null}},"6":{"start":{"line":13,"column":15},"end":{"line":13,"column":null}},"7":{"start":{"line":17,"column":2},"end":{"line":37,"column":null}},"8":{"start":{"line":22,"column":10},"end":{"line":34,"column":null}}},"fnMap":{"0":{"name":"(anonymous_0)","decl":{"start":{"line":6,"column":6},"end":{"line":6,"column":24}},"loc":{"start":{"line":6,"column":24},"end":{"line":39,"column":null}},"line":6},"1":{"name":"(anonymous_1)","decl":{"start":{"line":9,"column":8},"end":{"line":9,"column":19}},"loc":{"start":{"line":9,"column":28},"end":{"line":15,"column":null}},"line":9},"2":{"name":"(anonymous_2)","decl":{"start":{"line":21,"column":16},"end":{"line":21,"column":21}},"loc":{"start":{"line":22,"column":10},"end":{"line":34,"column":null}},"line":22}},"branchMap":{"0":{"loc":{"start":{"line":10,"column":4},"end":{"line":14,"column":null}},"type":"switch","locations":[{"start":{"line":11,"column":6},"end":{"line":11,"column":null}},{"start":{"line":12,"column":6},"end":{"line":12,"column":null}},{"start":{"line":13,"column":6},"end":{"line":13,"column":null}}],"line":10},"1":{"loc":{"start":{"line":26,"column":15},"end":{"line":30,"column":null}},"type":"binary-expr","locations":[{"start":{"line":26,"column":15},"end":{"line":26,"column":null}},{"start":{"line":27,"column":16},"end":{"line":30,"column":null}}],"line":26}},"s":{"0":1,"1":1,"2":1,"3":1,"4":1,"5":0,"6":0,"7":1,"8":1},"f":{"0":1,"1":1,"2":1},"b":{"0":[1,0,0],"1":[1,1]},"meta":{"lastBranch":2,"lastFunction":3,"lastStatement":9,"seen":{"s:6:6:39:Infinity":0,"f:6:6:6:24":0,"s:7:10:7:Infinity":1,"s:9:8:15:Infinity":2,"f:9:8:9:19":1,"b:11:6:11:Infinity:12:6:12:Infinity:13:6:13:Infinity":0,"s:10:4:14:Infinity":3,"s:11:22:11:Infinity":4,"s:12:22:12:Infinity":5,"s:13:15:13:Infinity":6,"s:17:2:37:Infinity":7,"f:21:16:21:21":2,"s:22:10:34:Infinity":8,"b:26:15:26:Infinity:27:16:30:Infinity":1},"fnNames":{}}}
,"C:\\Users\\rishi\\Downloads\\fifa-nexus\\src\\components\\staff\\CrowdFlowChart.jsx": {"path":"C:\\Users\\rishi\\Downloads\\fifa-nexus\\src\\components\\staff\\CrowdFlowChart.jsx","statementMap":{"0":{"start":{"line":4,"column":13},"end":{"line":13,"column":null}},"1":{"start":{"line":15,"column":6},"end":{"line":29,"column":null}},"2":{"start":{"line":16,"column":2},"end":{"line":27,"column":null}},"3":{"start":{"line":17,"column":4},"end":{"line":25,"column":null}},"4":{"start":{"line":21,"column":10},"end":{"line":23,"column":null}},"5":{"start":{"line":28,"column":2},"end":{"line":28,"column":null}},"6":{"start":{"line":31,"column":6},"end":{"line":59,"column":null}},"7":{"start":{"line":32,"column":2},"end":{"line":57,"column":null}}},"fnMap":{"0":{"name":"(anonymous_0)","decl":{"start":{"line":15,"column":6},"end":{"line":15,"column":23}},"loc":{"start":{"line":15,"column":54},"end":{"line":29,"column":null}},"line":15},"1":{"name":"(anonymous_1)","decl":{"start":{"line":20,"column":17},"end":{"line":20,"column":22}},"loc":{"start":{"line":21,"column":10},"end":{"line":23,"column":null}},"line":21},"2":{"name":"(anonymous_2)","decl":{"start":{"line":31,"column":6},"end":{"line":31,"column":29}},"loc":{"start":{"line":31,"column":29},"end":{"line":59,"column":null}},"line":31}},"branchMap":{"0":{"loc":{"start":{"line":16,"column":2},"end":{"line":27,"column":null}},"type":"if","locations":[{"start":{"line":16,"column":2},"end":{"line":27,"column":null}},{"start":{},"end":{}}],"line":16},"1":{"loc":{"start":{"line":16,"column":6},"end":{"line":16,"column":43}},"type":"binary-expr","locations":[{"start":{"line":16,"column":6},"end":{"line":16,"column":16}},{"start":{"line":16,"column":16},"end":{"line":16,"column":27}},{"start":{"line":16,"column":27},"end":{"line":16,"column":43}}],"line":16}},"s":{"0":0,"1":0,"2":0,"3":0,"4":0,"5":0,"6":0,"7":0},"f":{"0":0,"1":0,"2":0},"b":{"0":[0,0],"1":[0,0,0]},"meta":{"lastBranch":2,"lastFunction":3,"lastStatement":8,"seen":{"s:4:13:13:Infinity":0,"s:15:6:29:Infinity":1,"f:15:6:15:23":0,"b:16:2:27:Infinity:undefined:undefined:undefined:undefined":0,"s:16:2:27:Infinity":2,"b:16:6:16:16:16:16:16:27:16:27:16:43":1,"s:17:4:25:Infinity":3,"f:20:17:20:22":1,"s:21:10:23:Infinity":4,"s:28:2:28:Infinity":5,"s:31:6:59:Infinity":6,"f:31:6:31:29":2,"s:32:2:57:Infinity":7},"fnNames":{}}}
,"C:\\Users\\rishi\\Downloads\\fifa-nexus\\src\\components\\staff\\HeatmapGrid.jsx": {"path":"C:\\Users\\rishi\\Downloads\\fifa-nexus\\src\\components\\staff\\HeatmapGrid.jsx","statementMap":{"0":{"start":{"line":6,"column":6},"end":{"line":52,"column":null}},"1":{"start":{"line":7,"column":27},"end":{"line":7,"column":null}},"2":{"start":{"line":9,"column":8},"end":{"line":12,"column":null}},"3":{"start":{"line":10,"column":4},"end":{"line":10,"column":null}},"4":{"start":{"line":10,"column":21},"end":{"line":10,"column":104}},"5":{"start":{"line":10,"column":35},"end":{"line":10,"column":103}},"6":{"start":{"line":11,"column":4},"end":{"line":11,"column":null}},"7":{"start":{"line":14,"column":8},"end":{"line":18,"column":null}},"8":{"start":{"line":15,"column":4},"end":{"line":15,"column":null}},"9":{"start":{"line":15,"column":22},"end":{"line":15,"column":null}},"10":{"start":{"line":16,"column":4},"end":{"line":16,"column":null}},"11":{"start":{"line":16,"column":22},"end":{"line":16,"column":null}},"12":{"start":{"line":17,"column":4},"end":{"line":17,"column":null}},"13":{"start":{"line":20,"column":2},"end":{"line":50,"column":null}},"14":{"start":{"line":30,"column":10},"end":{"line":47,"column":null}},"15":{"start":{"line":43,"column":60},"end":{"line":43,"column":null}}},"fnMap":{"0":{"name":"(anonymous_0)","decl":{"start":{"line":6,"column":6},"end":{"line":6,"column":26}},"loc":{"start":{"line":6,"column":26},"end":{"line":52,"column":null}},"line":6},"1":{"name":"(anonymous_1)","decl":{"start":{"line":9,"column":8},"end":{"line":9,"column":29}},"loc":{"start":{"line":9,"column":40},"end":{"line":12,"column":null}},"line":9},"2":{"name":"(anonymous_2)","decl":{"start":{"line":10,"column":4},"end":{"line":10,"column":13}},"loc":{"start":{"line":10,"column":21},"end":{"line":10,"column":104}},"line":10},"3":{"name":"(anonymous_3)","decl":{"start":{"line":10,"column":26},"end":{"line":10,"column":30}},"loc":{"start":{"line":10,"column":35},"end":{"line":10,"column":103}},"line":10},"4":{"name":"(anonymous_4)","decl":{"start":{"line":14,"column":8},"end":{"line":14,"column":20}},"loc":{"start":{"line":14,"column":32},"end":{"line":18,"column":null}},"line":14},"5":{"name":"(anonymous_5)","decl":{"start":{"line":29,"column":15},"end":{"line":29,"column":20}},"loc":{"start":{"line":30,"column":10},"end":{"line":47,"column":null}},"line":30},"6":{"name":"(anonymous_6)","decl":{"start":{"line":43,"column":45},"end":{"line":43,"column":60}},"loc":{"start":{"line":43,"column":60},"end":{"line":43,"column":null}},"line":43}},"branchMap":{"0":{"loc":{"start":{"line":10,"column":35},"end":{"line":10,"column":103}},"type":"cond-expr","locations":[{"start":{"line":10,"column":53},"end":{"line":10,"column":102}},{"start":{"line":10,"column":102},"end":{"line":10,"column":103}}],"line":10},"1":{"loc":{"start":{"line":15,"column":4},"end":{"line":15,"column":null}},"type":"if","locations":[{"start":{"line":15,"column":4},"end":{"line":15,"column":null}},{"start":{},"end":{}}],"line":15},"2":{"loc":{"start":{"line":16,"column":4},"end":{"line":16,"column":null}},"type":"if","locations":[{"start":{"line":16,"column":4},"end":{"line":16,"column":null}},{"start":{},"end":{}}],"line":16},"3":{"loc":{"start":{"line":32,"column":39},"end":{"line":32,"column":null}},"type":"cond-expr","locations":[{"start":{"line":32,"column":59},"end":{"line":32,"column":69}},{"start":{"line":32,"column":69},"end":{"line":32,"column":null}}],"line":32},"4":{"loc":{"start":{"line":42,"column":13},"end":{"line":45,"column":null}},"type":"binary-expr","locations":[{"start":{"line":42,"column":13},"end":{"line":42,"column":null}},{"start":{"line":43,"column":14},"end":{"line":45,"column":null}}],"line":42}},"s":{"0":0,"1":0,"2":0,"3":0,"4":0,"5":0,"6":0,"7":0,"8":0,"9":0,"10":0,"11":0,"12":0,"13":0,"14":0,"15":0},"f":{"0":0,"1":0,"2":0,"3":0,"4":0,"5":0,"6":0},"b":{"0":[0,0],"1":[0,0],"2":[0,0],"3":[0,0],"4":[0,0]},"meta":{"lastBranch":5,"lastFunction":7,"lastStatement":16,"seen":{"s:6:6:52:Infinity":0,"f:6:6:6:26":0,"s:7:27:7:Infinity":1,"s:9:8:12:Infinity":2,"f:9:8:9:29":1,"s:10:4:10:Infinity":3,"f:10:4:10:13":2,"s:10:21:10:104":4,"f:10:26:10:30":3,"s:10:35:10:103":5,"b:10:53:10:102:10:102:10:103":0,"s:11:4:11:Infinity":6,"s:14:8:18:Infinity":7,"f:14:8:14:20":4,"b:15:4:15:Infinity:undefined:undefined:undefined:undefined":1,"s:15:4:15:Infinity":8,"s:15:22:15:Infinity":9,"b:16:4:16:Infinity:undefined:undefined:undefined:undefined":2,"s:16:4:16:Infinity":10,"s:16:22:16:Infinity":11,"s:17:4:17:Infinity":12,"s:20:2:50:Infinity":13,"f:29:15:29:20":5,"s:30:10:47:Infinity":14,"b:32:59:32:69:32:69:32:Infinity":3,"b:42:13:42:Infinity:43:14:45:Infinity":4,"f:43:45:43:60":6,"s:43:60:43:Infinity":15},"fnNames":{}}}
,"C:\\Users\\rishi\\Downloads\\fifa-nexus\\src\\components\\staff\\KpiCards.jsx": {"path":"C:\\Users\\rishi\\Downloads\\fifa-nexus\\src\\components\\staff\\KpiCards.jsx","statementMap":{"0":{"start":{"line":6,"column":6},"end":{"line":30,"column":null}},"1":{"start":{"line":7,"column":20},"end":{"line":7,"column":null}},"2":{"start":{"line":9,"column":16},"end":{"line":14,"column":null}},"3":{"start":{"line":16,"column":2},"end":{"line":28,"column":null}},"4":{"start":{"line":19,"column":8},"end":{"line":26,"column":null}}},"fnMap":{"0":{"name":"(anonymous_0)","decl":{"start":{"line":6,"column":6},"end":{"line":6,"column":23}},"loc":{"start":{"line":6,"column":23},"end":{"line":30,"column":null}},"line":6},"1":{"name":"(anonymous_1)","decl":{"start":{"line":18,"column":13},"end":{"line":18,"column":18}},"loc":{"start":{"line":19,"column":8},"end":{"line":26,"column":null}},"line":19}},"branchMap":{},"s":{"0":1,"1":1,"2":1,"3":1,"4":4},"f":{"0":1,"1":4},"b":{},"meta":{"lastBranch":0,"lastFunction":2,"lastStatement":5,"seen":{"s:6:6:30:Infinity":0,"f:6:6:6:23":0,"s:7:20:7:Infinity":1,"s:9:16:14:Infinity":2,"s:16:2:28:Infinity":3,"f:18:13:18:18":1,"s:19:8:26:Infinity":4},"fnNames":{}}}
}
